{
  "C:\\Users\\zakad\\sites\\Merch-Dropper-fe\\merch-dropper\\src\\components\\Auth\\Auth.js": {
    "path": "C:\\Users\\zakad\\sites\\Merch-Dropper-fe\\merch-dropper\\src\\components\\Auth\\Auth.js",
    "statementMap": {
      "0": {
        "start": {
          "line": 4,
          "column": 34
        },
        "end": {
          "line": 5,
          "column": 75
        }
      },
      "1": {
        "start": {
          "line": 5,
          "column": 2
        },
        "end": {
          "line": 5,
          "column": 75
        }
      },
      "2": {
        "start": {
          "line": 7,
          "column": 28
        },
        "end": {
          "line": 7,
          "column": 49
        }
      },
      "3": {
        "start": {
          "line": 8,
          "column": 24
        },
        "end": {
          "line": 8,
          "column": 54
        }
      },
      "4": {
        "start": {
          "line": 8,
          "column": 30
        },
        "end": {
          "line": 8,
          "column": 54
        }
      },
      "5": {
        "start": {
          "line": 10,
          "column": 29
        },
        "end": {
          "line": 100,
          "column": 1
        }
      },
      "6": {
        "start": {
          "line": 15,
          "column": 48
        },
        "end": {
          "line": 15,
          "column": 58
        }
      },
      "7": {
        "start": {
          "line": 16,
          "column": 26
        },
        "end": {
          "line": 16,
          "column": 36
        }
      },
      "8": {
        "start": {
          "line": 17,
          "column": 34
        },
        "end": {
          "line": 17,
          "column": 44
        }
      },
      "9": {
        "start": {
          "line": 18,
          "column": 32
        },
        "end": {
          "line": 18,
          "column": 46
        }
      },
      "10": {
        "start": {
          "line": 20,
          "column": 36
        },
        "end": {
          "line": 20,
          "column": 51
        }
      },
      "11": {
        "start": {
          "line": 22,
          "column": 2
        },
        "end": {
          "line": 55,
          "column": 9
        }
      },
      "12": {
        "start": {
          "line": 23,
          "column": 22
        },
        "end": {
          "line": 51,
          "column": 5
        }
      },
      "13": {
        "start": {
          "line": 24,
          "column": 28
        },
        "end": {
          "line": 24,
          "column": 64
        }
      },
      "14": {
        "start": {
          "line": 26,
          "column": 6
        },
        "end": {
          "line": 26,
          "column": 30
        }
      },
      "15": {
        "start": {
          "line": 27,
          "column": 6
        },
        "end": {
          "line": 33,
          "column": 7
        }
      },
      "16": {
        "start": {
          "line": 31,
          "column": 29
        },
        "end": {
          "line": 31,
          "column": 73
        }
      },
      "17": {
        "start": {
          "line": 32,
          "column": 8
        },
        "end": {
          "line": 32,
          "column": 37
        }
      },
      "18": {
        "start": {
          "line": 35,
          "column": 30
        },
        "end": {
          "line": 35,
          "column": 67
        }
      },
      "19": {
        "start": {
          "line": 37,
          "column": 6
        },
        "end": {
          "line": 37,
          "column": 42
        }
      },
      "20": {
        "start": {
          "line": 39,
          "column": 6
        },
        "end": {
          "line": 48,
          "column": 7
        }
      },
      "21": {
        "start": {
          "line": 40,
          "column": 21
        },
        "end": {
          "line": 40,
          "column": 50
        }
      },
      "22": {
        "start": {
          "line": 41,
          "column": 22
        },
        "end": {
          "line": 41,
          "column": 60
        }
      },
      "23": {
        "start": {
          "line": 42,
          "column": 19
        },
        "end": {
          "line": 42,
          "column": 38
        }
      },
      "24": {
        "start": {
          "line": 44,
          "column": 8
        },
        "end": {
          "line": 44,
          "column": 22
        }
      },
      "25": {
        "start": {
          "line": 45,
          "column": 8
        },
        "end": {
          "line": 45,
          "column": 62
        }
      },
      "26": {
        "start": {
          "line": 46,
          "column": 8
        },
        "end": {
          "line": 46,
          "column": 42
        }
      },
      "27": {
        "start": {
          "line": 47,
          "column": 8
        },
        "end": {
          "line": 47,
          "column": 45
        }
      },
      "28": {
        "start": {
          "line": 50,
          "column": 6
        },
        "end": {
          "line": 50,
          "column": 24
        }
      },
      "29": {
        "start": {
          "line": 53,
          "column": 4
        },
        "end": {
          "line": 53,
          "column": 16
        }
      },
      "30": {
        "start": {
          "line": 57,
          "column": 25
        },
        "end": {
          "line": 69,
          "column": 3
        }
      },
      "31": {
        "start": {
          "line": 58,
          "column": 4
        },
        "end": {
          "line": 58,
          "column": 23
        }
      },
      "32": {
        "start": {
          "line": 60,
          "column": 4
        },
        "end": {
          "line": 65,
          "column": 5
        }
      },
      "33": {
        "start": {
          "line": 61,
          "column": 6
        },
        "end": {
          "line": 61,
          "column": 47
        }
      },
      "34": {
        "start": {
          "line": 64,
          "column": 6
        },
        "end": {
          "line": 64,
          "column": 26
        }
      },
      "35": {
        "start": {
          "line": 66,
          "column": 17
        },
        "end": {
          "line": 66,
          "column": 44
        }
      },
      "36": {
        "start": {
          "line": 67,
          "column": 4
        },
        "end": {
          "line": 67,
          "column": 18
        }
      },
      "37": {
        "start": {
          "line": 68,
          "column": 4
        },
        "end": {
          "line": 68,
          "column": 29
        }
      },
      "38": {
        "start": {
          "line": 71,
          "column": 33
        },
        "end": {
          "line": 78,
          "column": 3
        }
      },
      "39": {
        "start": {
          "line": 72,
          "column": 4
        },
        "end": {
          "line": 72,
          "column": 21
        }
      },
      "40": {
        "start": {
          "line": 73,
          "column": 4
        },
        "end": {
          "line": 73,
          "column": 47
        }
      },
      "41": {
        "start": {
          "line": 74,
          "column": 17
        },
        "end": {
          "line": 74,
          "column": 44
        }
      },
      "42": {
        "start": {
          "line": 75,
          "column": 4
        },
        "end": {
          "line": 75,
          "column": 22
        }
      },
      "43": {
        "start": {
          "line": 76,
          "column": 4
        },
        "end": {
          "line": 76,
          "column": 29
        }
      },
      "44": {
        "start": {
          "line": 77,
          "column": 4
        },
        "end": {
          "line": 77,
          "column": 18
        }
      },
      "45": {
        "start": {
          "line": 80,
          "column": 2
        },
        "end": {
          "line": 99,
          "column": 4
        }
      },
      "46": {
        "start": {
          "line": 90,
          "column": 36
        },
        "end": {
          "line": 90,
          "column": 70
        }
      },
      "47": {
        "start": {
          "line": 91,
          "column": 37
        },
        "end": {
          "line": 91,
          "column": 72
        }
      },
      "48": {
        "start": {
          "line": 92,
          "column": 36
        },
        "end": {
          "line": 92,
          "column": 70
        }
      },
      "49": {
        "start": {
          "line": 93,
          "column": 37
        },
        "end": {
          "line": 93,
          "column": 72
        }
      },
      "50": {
        "start": {
          "line": 94,
          "column": 26
        },
        "end": {
          "line": 94,
          "column": 50
        }
      }
    },
    "fnMap": {
      "0": {
        "name": "(anonymous_0)",
        "decl": {
          "start": {
            "line": 4,
            "column": 34
          },
          "end": {
            "line": 4,
            "column": 35
          }
        },
        "loc": {
          "start": {
            "line": 5,
            "column": 2
          },
          "end": {
            "line": 5,
            "column": 75
          }
        },
        "line": 5
      },
      "1": {
        "name": "(anonymous_1)",
        "decl": {
          "start": {
            "line": 8,
            "column": 24
          },
          "end": {
            "line": 8,
            "column": 25
          }
        },
        "loc": {
          "start": {
            "line": 8,
            "column": 30
          },
          "end": {
            "line": 8,
            "column": 54
          }
        },
        "line": 8
      },
      "2": {
        "name": "(anonymous_2)",
        "decl": {
          "start": {
            "line": 10,
            "column": 29
          },
          "end": {
            "line": 10,
            "column": 30
          }
        },
        "loc": {
          "start": {
            "line": 14,
            "column": 6
          },
          "end": {
            "line": 100,
            "column": 1
          }
        },
        "line": 14
      },
      "3": {
        "name": "(anonymous_3)",
        "decl": {
          "start": {
            "line": 22,
            "column": 12
          },
          "end": {
            "line": 22,
            "column": 13
          }
        },
        "loc": {
          "start": {
            "line": 22,
            "column": 18
          },
          "end": {
            "line": 55,
            "column": 3
          }
        },
        "line": 22
      },
      "4": {
        "name": "(anonymous_4)",
        "decl": {
          "start": {
            "line": 23,
            "column": 22
          },
          "end": {
            "line": 23,
            "column": 23
          }
        },
        "loc": {
          "start": {
            "line": 23,
            "column": 34
          },
          "end": {
            "line": 51,
            "column": 5
          }
        },
        "line": 23
      },
      "5": {
        "name": "(anonymous_5)",
        "decl": {
          "start": {
            "line": 57,
            "column": 25
          },
          "end": {
            "line": 57,
            "column": 26
          }
        },
        "loc": {
          "start": {
            "line": 57,
            "column": 48
          },
          "end": {
            "line": 69,
            "column": 3
          }
        },
        "line": 57
      },
      "6": {
        "name": "(anonymous_6)",
        "decl": {
          "start": {
            "line": 71,
            "column": 33
          },
          "end": {
            "line": 71,
            "column": 34
          }
        },
        "loc": {
          "start": {
            "line": 71,
            "column": 45
          },
          "end": {
            "line": 78,
            "column": 3
          }
        },
        "line": 71
      },
      "7": {
        "name": "(anonymous_7)",
        "decl": {
          "start": {
            "line": 90,
            "column": 26
          },
          "end": {
            "line": 90,
            "column": 27
          }
        },
        "loc": {
          "start": {
            "line": 90,
            "column": 36
          },
          "end": {
            "line": 90,
            "column": 70
          }
        },
        "line": 90
      },
      "8": {
        "name": "(anonymous_8)",
        "decl": {
          "start": {
            "line": 91,
            "column": 27
          },
          "end": {
            "line": 91,
            "column": 28
          }
        },
        "loc": {
          "start": {
            "line": 91,
            "column": 37
          },
          "end": {
            "line": 91,
            "column": 72
          }
        },
        "line": 91
      },
      "9": {
        "name": "(anonymous_9)",
        "decl": {
          "start": {
            "line": 92,
            "column": 26
          },
          "end": {
            "line": 92,
            "column": 27
          }
        },
        "loc": {
          "start": {
            "line": 92,
            "column": 36
          },
          "end": {
            "line": 92,
            "column": 70
          }
        },
        "line": 92
      },
      "10": {
        "name": "(anonymous_10)",
        "decl": {
          "start": {
            "line": 93,
            "column": 27
          },
          "end": {
            "line": 93,
            "column": 28
          }
        },
        "loc": {
          "start": {
            "line": 93,
            "column": 37
          },
          "end": {
            "line": 93,
            "column": 72
          }
        },
        "line": 93
      },
      "11": {
        "name": "(anonymous_11)",
        "decl": {
          "start": {
            "line": 94,
            "column": 16
          },
          "end": {
            "line": 94,
            "column": 17
          }
        },
        "loc": {
          "start": {
            "line": 94,
            "column": 26
          },
          "end": {
            "line": 94,
            "column": 50
          }
        },
        "line": 94
      }
    },
    "branchMap": {
      "0": {
        "loc": {
          "start": {
            "line": 12,
            "column": 2
          },
          "end": {
            "line": 12,
            "column": 48
          }
        },
        "type": "default-arg",
        "locations": [
          {
            "start": {
              "line": 12,
              "column": 23
            },
            "end": {
              "line": 12,
              "column": 48
            }
          }
        ],
        "line": 12
      },
      "1": {
        "loc": {
          "start": {
            "line": 27,
            "column": 6
          },
          "end": {
            "line": 33,
            "column": 7
          }
        },
        "type": "if",
        "locations": [
          {
            "start": {
              "line": 27,
              "column": 6
            },
            "end": {
              "line": 33,
              "column": 7
            }
          },
          {
            "start": {
              "line": 27,
              "column": 6
            },
            "end": {
              "line": 33,
              "column": 7
            }
          }
        ],
        "line": 27
      },
      "2": {
        "loc": {
          "start": {
            "line": 28,
            "column": 8
          },
          "end": {
            "line": 29,
            "column": 49
          }
        },
        "type": "binary-expr",
        "locations": [
          {
            "start": {
              "line": 28,
              "column": 8
            },
            "end": {
              "line": 28,
              "column": 48
            }
          },
          {
            "start": {
              "line": 29,
              "column": 8
            },
            "end": {
              "line": 29,
              "column": 49
            }
          }
        ],
        "line": 28
      },
      "3": {
        "loc": {
          "start": {
            "line": 39,
            "column": 6
          },
          "end": {
            "line": 48,
            "column": 7
          }
        },
        "type": "if",
        "locations": [
          {
            "start": {
              "line": 39,
              "column": 6
            },
            "end": {
              "line": 48,
              "column": 7
            }
          },
          {
            "start": {
              "line": 39,
              "column": 6
            },
            "end": {
              "line": 48,
              "column": 7
            }
          }
        ],
        "line": 39
      },
      "4": {
        "loc": {
          "start": {
            "line": 57,
            "column": 32
          },
          "end": {
            "line": 57,
            "column": 43
          }
        },
        "type": "default-arg",
        "locations": [
          {
            "start": {
              "line": 57,
              "column": 41
            },
            "end": {
              "line": 57,
              "column": 43
            }
          }
        ],
        "line": 57
      }
    },
    "s": {
      "0": 1,
      "1": 0,
      "2": 1,
      "3": 1,
      "4": 4,
      "5": 1,
      "6": 4,
      "7": 4,
      "8": 4,
      "9": 4,
      "10": 4,
      "11": 4,
      "12": 1,
      "13": 1,
      "14": 1,
      "15": 1,
      "16": 0,
      "17": 0,
      "18": 1,
      "19": 1,
      "20": 1,
      "21": 0,
      "22": 0,
      "23": 0,
      "24": 0,
      "25": 0,
      "26": 0,
      "27": 0,
      "28": 1,
      "29": 1,
      "30": 4,
      "31": 0,
      "32": 0,
      "33": 0,
      "34": 0,
      "35": 0,
      "36": 0,
      "37": 0,
      "38": 4,
      "39": 0,
      "40": 0,
      "41": 0,
      "42": 0,
      "43": 0,
      "44": 0,
      "45": 4,
      "46": 0,
      "47": 0,
      "48": 0,
      "49": 0,
      "50": 0
    },
    "f": {
      "0": 0,
      "1": 4,
      "2": 4,
      "3": 1,
      "4": 1,
      "5": 0,
      "6": 0,
      "7": 0,
      "8": 0,
      "9": 0,
      "10": 0,
      "11": 0
    },
    "b": {
      "0": [
        0
      ],
      "1": [
        0,
        1
      ],
      "2": [
        1,
        0
      ],
      "3": [
        0,
        1
      ],
      "4": [
        0
      ]
    },
    "_coverageSchema": "43e27e138ebf9cfc5966b082cf9a028302ed4184",
    "hash": "040d9a12dbcdd94bc77e341f443d5e9c4d6c170e"
  },
  "C:\\Users\\zakad\\sites\\Merch-Dropper-fe\\merch-dropper\\src\\utils\\history.js": {
    "path": "C:\\Users\\zakad\\sites\\Merch-Dropper-fe\\merch-dropper\\src\\utils\\history.js",
    "statementMap": {},
    "fnMap": {},
    "branchMap": {},
    "s": {},
    "f": {},
    "b": {},
    "_coverageSchema": "43e27e138ebf9cfc5966b082cf9a028302ed4184",
    "hash": "d9f866b87b11f910f55a44a76e99ff33b9aff2aa"
  },
  "C:\\Users\\zakad\\sites\\Merch-Dropper-fe\\merch-dropper\\src\\utils\\axiosWithAuth.js": {
    "path": "C:\\Users\\zakad\\sites\\Merch-Dropper-fe\\merch-dropper\\src\\utils\\axiosWithAuth.js",
    "statementMap": {
      "0": {
        "start": {
          "line": 3,
          "column": 0
        },
        "end": {
          "line": 8,
          "column": 3
        }
      },
      "1": {
        "start": {
          "line": 4,
          "column": 2
        },
        "end": {
          "line": 6,
          "column": 3
        }
      },
      "2": {
        "start": {
          "line": 5,
          "column": 4
        },
        "end": {
          "line": 5,
          "column": 50
        }
      },
      "3": {
        "start": {
          "line": 7,
          "column": 2
        },
        "end": {
          "line": 7,
          "column": 13
        }
      },
      "4": {
        "start": {
          "line": 10,
          "column": 29
        },
        "end": {
          "line": 27,
          "column": 1
        }
      },
      "5": {
        "start": {
          "line": 11,
          "column": 16
        },
        "end": {
          "line": 11,
          "column": 45
        }
      },
      "6": {
        "start": {
          "line": 13,
          "column": 2
        },
        "end": {
          "line": 17,
          "column": 3
        }
      },
      "7": {
        "start": {
          "line": 14,
          "column": 4
        },
        "end": {
          "line": 14,
          "column": 34
        }
      },
      "8": {
        "start": {
          "line": 16,
          "column": 4
        },
        "end": {
          "line": 16,
          "column": 48
        }
      },
      "9": {
        "start": {
          "line": 19,
          "column": 2
        },
        "end": {
          "line": 26,
          "column": 5
        }
      }
    },
    "fnMap": {
      "0": {
        "name": "(anonymous_0)",
        "decl": {
          "start": {
            "line": 3,
            "column": 32
          },
          "end": {
            "line": 3,
            "column": 33
          }
        },
        "loc": {
          "start": {
            "line": 3,
            "column": 41
          },
          "end": {
            "line": 8,
            "column": 1
          }
        },
        "line": 3
      },
      "1": {
        "name": "(anonymous_1)",
        "decl": {
          "start": {
            "line": 10,
            "column": 29
          },
          "end": {
            "line": 10,
            "column": 30
          }
        },
        "loc": {
          "start": {
            "line": 10,
            "column": 35
          },
          "end": {
            "line": 27,
            "column": 1
          }
        },
        "line": 10
      }
    },
    "branchMap": {
      "0": {
        "loc": {
          "start": {
            "line": 4,
            "column": 2
          },
          "end": {
            "line": 6,
            "column": 3
          }
        },
        "type": "if",
        "locations": [
          {
            "start": {
              "line": 4,
              "column": 2
            },
            "end": {
              "line": 6,
              "column": 3
            }
          },
          {
            "start": {
              "line": 4,
              "column": 2
            },
            "end": {
              "line": 6,
              "column": 3
            }
          }
        ],
        "line": 4
      },
      "1": {
        "loc": {
          "start": {
            "line": 13,
            "column": 2
          },
          "end": {
            "line": 17,
            "column": 3
          }
        },
        "type": "if",
        "locations": [
          {
            "start": {
              "line": 13,
              "column": 2
            },
            "end": {
              "line": 17,
              "column": 3
            }
          },
          {
            "start": {
              "line": 13,
              "column": 2
            },
            "end": {
              "line": 17,
              "column": 3
            }
          }
        ],
        "line": 13
      }
    },
    "s": {
      "0": 1,
      "1": 0,
      "2": 0,
      "3": 0,
      "4": 1,
      "5": 0,
      "6": 0,
      "7": 0,
      "8": 0,
      "9": 0
    },
    "f": {
      "0": 0,
      "1": 0
    },
    "b": {
      "0": [
        0,
        0
      ],
      "1": [
        0,
        0
      ]
    },
    "_coverageSchema": "43e27e138ebf9cfc5966b082cf9a028302ed4184",
    "hash": "421d9ec210d1fb368b0ab1093365b2226e7b57f4"
  },
  "C:\\Users\\zakad\\sites\\Merch-Dropper-fe\\merch-dropper\\src\\utils\\axiosWithEnv.js": {
    "path": "C:\\Users\\zakad\\sites\\Merch-Dropper-fe\\merch-dropper\\src\\utils\\axiosWithEnv.js",
    "statementMap": {
      "0": {
        "start": {
          "line": 3,
          "column": 28
        },
        "end": {
          "line": 14,
          "column": 1
        }
      },
      "1": {
        "start": {
          "line": 5,
          "column": 2
        },
        "end": {
          "line": 9,
          "column": 3
        }
      },
      "2": {
        "start": {
          "line": 6,
          "column": 4
        },
        "end": {
          "line": 6,
          "column": 34
        }
      },
      "3": {
        "start": {
          "line": 8,
          "column": 4
        },
        "end": {
          "line": 8,
          "column": 48
        }
      },
      "4": {
        "start": {
          "line": 11,
          "column": 2
        },
        "end": {
          "line": 13,
          "column": 5
        }
      }
    },
    "fnMap": {
      "0": {
        "name": "(anonymous_0)",
        "decl": {
          "start": {
            "line": 3,
            "column": 28
          },
          "end": {
            "line": 3,
            "column": 29
          }
        },
        "loc": {
          "start": {
            "line": 3,
            "column": 34
          },
          "end": {
            "line": 14,
            "column": 1
          }
        },
        "line": 3
      }
    },
    "branchMap": {
      "0": {
        "loc": {
          "start": {
            "line": 5,
            "column": 2
          },
          "end": {
            "line": 9,
            "column": 3
          }
        },
        "type": "if",
        "locations": [
          {
            "start": {
              "line": 5,
              "column": 2
            },
            "end": {
              "line": 9,
              "column": 3
            }
          },
          {
            "start": {
              "line": 5,
              "column": 2
            },
            "end": {
              "line": 9,
              "column": 3
            }
          }
        ],
        "line": 5
      }
    },
    "s": {
      "0": 1,
      "1": 0,
      "2": 0,
      "3": 0,
      "4": 0
    },
    "f": {
      "0": 0
    },
    "b": {
      "0": [
        0,
        0
      ]
    },
    "_coverageSchema": "43e27e138ebf9cfc5966b082cf9a028302ed4184",
    "hash": "44cae974e5bc86adf4f38f0790ea4cebf204730e"
  },
  "C:\\Users\\zakad\\sites\\Merch-Dropper-fe\\merch-dropper\\src\\store\\actions\\index.js": {
    "path": "C:\\Users\\zakad\\sites\\Merch-Dropper-fe\\merch-dropper\\src\\store\\actions\\index.js",
    "statementMap": {
      "0": {
        "start": {
          "line": 6,
          "column": 30
        },
        "end": {
          "line": 6,
          "column": 46
        }
      },
      "1": {
        "start": {
          "line": 7,
          "column": 32
        },
        "end": {
          "line": 7,
          "column": 50
        }
      },
      "2": {
        "start": {
          "line": 8,
          "column": 32
        },
        "end": {
          "line": 8,
          "column": 50
        }
      },
      "3": {
        "start": {
          "line": 10,
          "column": 24
        },
        "end": {
          "line": 22,
          "column": 1
        }
      },
      "4": {
        "start": {
          "line": 10,
          "column": 41
        },
        "end": {
          "line": 22,
          "column": 1
        }
      },
      "5": {
        "start": {
          "line": 12,
          "column": 4
        },
        "end": {
          "line": 12,
          "column": 38
        }
      },
      "6": {
        "start": {
          "line": 13,
          "column": 4
        },
        "end": {
          "line": 21,
          "column": 10
        }
      },
      "7": {
        "start": {
          "line": 15,
          "column": 12
        },
        "end": {
          "line": 15,
          "column": 45
        }
      },
      "8": {
        "start": {
          "line": 16,
          "column": 12
        },
        "end": {
          "line": 16,
          "column": 67
        }
      },
      "9": {
        "start": {
          "line": 19,
          "column": 12
        },
        "end": {
          "line": 19,
          "column": 44
        }
      },
      "10": {
        "start": {
          "line": 20,
          "column": 12
        },
        "end": {
          "line": 20,
          "column": 62
        }
      },
      "11": {
        "start": {
          "line": 25,
          "column": 27
        },
        "end": {
          "line": 25,
          "column": 40
        }
      },
      "12": {
        "start": {
          "line": 26,
          "column": 29
        },
        "end": {
          "line": 26,
          "column": 44
        }
      },
      "13": {
        "start": {
          "line": 27,
          "column": 29
        },
        "end": {
          "line": 27,
          "column": 44
        }
      },
      "14": {
        "start": {
          "line": 29,
          "column": 25
        },
        "end": {
          "line": 43,
          "column": 1
        }
      },
      "15": {
        "start": {
          "line": 29,
          "column": 40
        },
        "end": {
          "line": 43,
          "column": 1
        }
      },
      "16": {
        "start": {
          "line": 30,
          "column": 4
        },
        "end": {
          "line": 30,
          "column": 39
        }
      },
      "17": {
        "start": {
          "line": 31,
          "column": 4
        },
        "end": {
          "line": 31,
          "column": 35
        }
      },
      "18": {
        "start": {
          "line": 32,
          "column": 4
        },
        "end": {
          "line": 42,
          "column": 10
        }
      },
      "19": {
        "start": {
          "line": 35,
          "column": 12
        },
        "end": {
          "line": 35,
          "column": 28
        }
      },
      "20": {
        "start": {
          "line": 36,
          "column": 12
        },
        "end": {
          "line": 36,
          "column": 57
        }
      },
      "21": {
        "start": {
          "line": 37,
          "column": 12
        },
        "end": {
          "line": 37,
          "column": 64
        }
      },
      "22": {
        "start": {
          "line": 40,
          "column": 12
        },
        "end": {
          "line": 40,
          "column": 28
        }
      },
      "23": {
        "start": {
          "line": 41,
          "column": 12
        },
        "end": {
          "line": 41,
          "column": 59
        }
      },
      "24": {
        "start": {
          "line": 46,
          "column": 34
        },
        "end": {
          "line": 46,
          "column": 54
        }
      },
      "25": {
        "start": {
          "line": 47,
          "column": 36
        },
        "end": {
          "line": 47,
          "column": 58
        }
      },
      "26": {
        "start": {
          "line": 48,
          "column": 33
        },
        "end": {
          "line": 48,
          "column": 52
        }
      },
      "27": {
        "start": {
          "line": 50,
          "column": 27
        },
        "end": {
          "line": 60,
          "column": 1
        }
      },
      "28": {
        "start": {
          "line": 50,
          "column": 42
        },
        "end": {
          "line": 60,
          "column": 1
        }
      },
      "29": {
        "start": {
          "line": 51,
          "column": 4
        },
        "end": {
          "line": 51,
          "column": 42
        }
      },
      "30": {
        "start": {
          "line": 52,
          "column": 4
        },
        "end": {
          "line": 59,
          "column": 10
        }
      },
      "31": {
        "start": {
          "line": 55,
          "column": 12
        },
        "end": {
          "line": 55,
          "column": 71
        }
      },
      "32": {
        "start": {
          "line": 58,
          "column": 12
        },
        "end": {
          "line": 58,
          "column": 63
        }
      },
      "33": {
        "start": {
          "line": 63,
          "column": 33
        },
        "end": {
          "line": 63,
          "column": 52
        }
      },
      "34": {
        "start": {
          "line": 64,
          "column": 35
        },
        "end": {
          "line": 64,
          "column": 56
        }
      },
      "35": {
        "start": {
          "line": 65,
          "column": 32
        },
        "end": {
          "line": 65,
          "column": 50
        }
      },
      "36": {
        "start": {
          "line": 67,
          "column": 26
        },
        "end": {
          "line": 77,
          "column": 1
        }
      },
      "37": {
        "start": {
          "line": 67,
          "column": 40
        },
        "end": {
          "line": 77,
          "column": 1
        }
      },
      "38": {
        "start": {
          "line": 68,
          "column": 4
        },
        "end": {
          "line": 68,
          "column": 41
        }
      },
      "39": {
        "start": {
          "line": 69,
          "column": 4
        },
        "end": {
          "line": 76,
          "column": 10
        }
      },
      "40": {
        "start": {
          "line": 72,
          "column": 12
        },
        "end": {
          "line": 72,
          "column": 70
        }
      },
      "41": {
        "start": {
          "line": 75,
          "column": 12
        },
        "end": {
          "line": 75,
          "column": 62
        }
      },
      "42": {
        "start": {
          "line": 80,
          "column": 36
        },
        "end": {
          "line": 80,
          "column": 58
        }
      },
      "43": {
        "start": {
          "line": 81,
          "column": 38
        },
        "end": {
          "line": 81,
          "column": 62
        }
      },
      "44": {
        "start": {
          "line": 82,
          "column": 35
        },
        "end": {
          "line": 82,
          "column": 56
        }
      },
      "45": {
        "start": {
          "line": 84,
          "column": 29
        },
        "end": {
          "line": 94,
          "column": 1
        }
      },
      "46": {
        "start": {
          "line": 84,
          "column": 42
        },
        "end": {
          "line": 94,
          "column": 1
        }
      },
      "47": {
        "start": {
          "line": 85,
          "column": 4
        },
        "end": {
          "line": 85,
          "column": 44
        }
      },
      "48": {
        "start": {
          "line": 86,
          "column": 4
        },
        "end": {
          "line": 93,
          "column": 10
        }
      },
      "49": {
        "start": {
          "line": 89,
          "column": 12
        },
        "end": {
          "line": 89,
          "column": 73
        }
      },
      "50": {
        "start": {
          "line": 92,
          "column": 12
        },
        "end": {
          "line": 92,
          "column": 65
        }
      },
      "51": {
        "start": {
          "line": 98,
          "column": 32
        },
        "end": {
          "line": 98,
          "column": 50
        }
      },
      "52": {
        "start": {
          "line": 99,
          "column": 25
        },
        "end": {
          "line": 105,
          "column": 1
        }
      },
      "53": {
        "start": {
          "line": 101,
          "column": 4
        },
        "end": {
          "line": 104,
          "column": 5
        }
      },
      "54": {
        "start": {
          "line": 108,
          "column": 35
        },
        "end": {
          "line": 108,
          "column": 56
        }
      },
      "55": {
        "start": {
          "line": 109,
          "column": 30
        },
        "end": {
          "line": 115,
          "column": 1
        }
      },
      "56": {
        "start": {
          "line": 111,
          "column": 4
        },
        "end": {
          "line": 114,
          "column": 5
        }
      },
      "57": {
        "start": {
          "line": 118,
          "column": 34
        },
        "end": {
          "line": 118,
          "column": 54
        }
      },
      "58": {
        "start": {
          "line": 119,
          "column": 33
        },
        "end": {
          "line": 124,
          "column": 1
        }
      },
      "59": {
        "start": {
          "line": 120,
          "column": 4
        },
        "end": {
          "line": 123,
          "column": 5
        }
      },
      "60": {
        "start": {
          "line": 127,
          "column": 27
        },
        "end": {
          "line": 127,
          "column": 47
        }
      },
      "61": {
        "start": {
          "line": 129,
          "column": 26
        },
        "end": {
          "line": 133,
          "column": 1
        }
      },
      "62": {
        "start": {
          "line": 130,
          "column": 4
        },
        "end": {
          "line": 132,
          "column": 5
        }
      },
      "63": {
        "start": {
          "line": 136,
          "column": 34
        },
        "end": {
          "line": 136,
          "column": 54
        }
      },
      "64": {
        "start": {
          "line": 137,
          "column": 36
        },
        "end": {
          "line": 137,
          "column": 58
        }
      },
      "65": {
        "start": {
          "line": 138,
          "column": 33
        },
        "end": {
          "line": 138,
          "column": 52
        }
      },
      "66": {
        "start": {
          "line": 140,
          "column": 31
        },
        "end": {
          "line": 151,
          "column": 1
        }
      },
      "67": {
        "start": {
          "line": 140,
          "column": 46
        },
        "end": {
          "line": 151,
          "column": 1
        }
      },
      "68": {
        "start": {
          "line": 141,
          "column": 21
        },
        "end": {
          "line": 141,
          "column": 41
        }
      },
      "69": {
        "start": {
          "line": 143,
          "column": 4
        },
        "end": {
          "line": 143,
          "column": 42
        }
      },
      "70": {
        "start": {
          "line": 144,
          "column": 4
        },
        "end": {
          "line": 150,
          "column": 10
        }
      },
      "71": {
        "start": {
          "line": 146,
          "column": 12
        },
        "end": {
          "line": 146,
          "column": 71
        }
      },
      "72": {
        "start": {
          "line": 149,
          "column": 12
        },
        "end": {
          "line": 149,
          "column": 63
        }
      },
      "73": {
        "start": {
          "line": 153,
          "column": 31
        },
        "end": {
          "line": 153,
          "column": 48
        }
      },
      "74": {
        "start": {
          "line": 154,
          "column": 33
        },
        "end": {
          "line": 154,
          "column": 52
        }
      },
      "75": {
        "start": {
          "line": 155,
          "column": 33
        },
        "end": {
          "line": 155,
          "column": 52
        }
      },
      "76": {
        "start": {
          "line": 156,
          "column": 28
        },
        "end": {
          "line": 156,
          "column": 42
        }
      },
      "77": {
        "start": {
          "line": 158,
          "column": 24
        },
        "end": {
          "line": 169,
          "column": 1
        }
      },
      "78": {
        "start": {
          "line": 158,
          "column": 35
        },
        "end": {
          "line": 169,
          "column": 1
        }
      },
      "79": {
        "start": {
          "line": 159,
          "column": 4
        },
        "end": {
          "line": 159,
          "column": 38
        }
      },
      "80": {
        "start": {
          "line": 160,
          "column": 4
        },
        "end": {
          "line": 168,
          "column": 6
        }
      },
      "81": {
        "start": {
          "line": 163,
          "column": 8
        },
        "end": {
          "line": 163,
          "column": 64
        }
      },
      "82": {
        "start": {
          "line": 164,
          "column": 8
        },
        "end": {
          "line": 164,
          "column": 62
        }
      },
      "83": {
        "start": {
          "line": 167,
          "column": 8
        },
        "end": {
          "line": 167,
          "column": 57
        }
      },
      "84": {
        "start": {
          "line": 171,
          "column": 35
        },
        "end": {
          "line": 171,
          "column": 56
        }
      },
      "85": {
        "start": {
          "line": 172,
          "column": 33
        },
        "end": {
          "line": 172,
          "column": 52
        }
      },
      "86": {
        "start": {
          "line": 173,
          "column": 34
        },
        "end": {
          "line": 173,
          "column": 54
        }
      },
      "87": {
        "start": {
          "line": 175,
          "column": 24
        },
        "end": {
          "line": 177,
          "column": 1
        }
      },
      "88": {
        "start": {
          "line": 175,
          "column": 35
        },
        "end": {
          "line": 177,
          "column": 1
        }
      },
      "89": {
        "start": {
          "line": 176,
          "column": 4
        },
        "end": {
          "line": 176,
          "column": 55
        }
      },
      "90": {
        "start": {
          "line": 179,
          "column": 26
        },
        "end": {
          "line": 181,
          "column": 1
        }
      },
      "91": {
        "start": {
          "line": 179,
          "column": 39
        },
        "end": {
          "line": 181,
          "column": 1
        }
      },
      "92": {
        "start": {
          "line": 180,
          "column": 4
        },
        "end": {
          "line": 180,
          "column": 60
        }
      },
      "93": {
        "start": {
          "line": 183,
          "column": 39
        },
        "end": {
          "line": 183,
          "column": 64
        }
      },
      "94": {
        "start": {
          "line": 184,
          "column": 41
        },
        "end": {
          "line": 184,
          "column": 68
        }
      },
      "95": {
        "start": {
          "line": 185,
          "column": 41
        },
        "end": {
          "line": 185,
          "column": 68
        }
      },
      "96": {
        "start": {
          "line": 187,
          "column": 30
        },
        "end": {
          "line": 190,
          "column": 1
        }
      },
      "97": {
        "start": {
          "line": 187,
          "column": 43
        },
        "end": {
          "line": 190,
          "column": 1
        }
      },
      "98": {
        "start": {
          "line": 188,
          "column": 4
        },
        "end": {
          "line": 188,
          "column": 65
        }
      }
    },
    "fnMap": {
      "0": {
        "name": "(anonymous_0)",
        "decl": {
          "start": {
            "line": 10,
            "column": 24
          },
          "end": {
            "line": 10,
            "column": 25
          }
        },
        "loc": {
          "start": {
            "line": 10,
            "column": 41
          },
          "end": {
            "line": 22,
            "column": 1
          }
        },
        "line": 10
      },
      "1": {
        "name": "(anonymous_1)",
        "decl": {
          "start": {
            "line": 10,
            "column": 41
          },
          "end": {
            "line": 10,
            "column": 42
          }
        },
        "loc": {
          "start": {
            "line": 10,
            "column": 53
          },
          "end": {
            "line": 22,
            "column": 1
          }
        },
        "line": 10
      },
      "2": {
        "name": "(anonymous_2)",
        "decl": {
          "start": {
            "line": 14,
            "column": 14
          },
          "end": {
            "line": 14,
            "column": 15
          }
        },
        "loc": {
          "start": {
            "line": 14,
            "column": 21
          },
          "end": {
            "line": 17,
            "column": 9
          }
        },
        "line": 14
      },
      "3": {
        "name": "(anonymous_3)",
        "decl": {
          "start": {
            "line": 18,
            "column": 15
          },
          "end": {
            "line": 18,
            "column": 16
          }
        },
        "loc": {
          "start": {
            "line": 18,
            "column": 22
          },
          "end": {
            "line": 21,
            "column": 9
          }
        },
        "line": 18
      },
      "4": {
        "name": "(anonymous_4)",
        "decl": {
          "start": {
            "line": 29,
            "column": 25
          },
          "end": {
            "line": 29,
            "column": 26
          }
        },
        "loc": {
          "start": {
            "line": 29,
            "column": 40
          },
          "end": {
            "line": 43,
            "column": 1
          }
        },
        "line": 29
      },
      "5": {
        "name": "(anonymous_5)",
        "decl": {
          "start": {
            "line": 29,
            "column": 40
          },
          "end": {
            "line": 29,
            "column": 41
          }
        },
        "loc": {
          "start": {
            "line": 29,
            "column": 52
          },
          "end": {
            "line": 43,
            "column": 1
          }
        },
        "line": 29
      },
      "6": {
        "name": "(anonymous_6)",
        "decl": {
          "start": {
            "line": 34,
            "column": 14
          },
          "end": {
            "line": 34,
            "column": 15
          }
        },
        "loc": {
          "start": {
            "line": 34,
            "column": 21
          },
          "end": {
            "line": 38,
            "column": 9
          }
        },
        "line": 34
      },
      "7": {
        "name": "(anonymous_7)",
        "decl": {
          "start": {
            "line": 39,
            "column": 15
          },
          "end": {
            "line": 39,
            "column": 16
          }
        },
        "loc": {
          "start": {
            "line": 39,
            "column": 22
          },
          "end": {
            "line": 42,
            "column": 9
          }
        },
        "line": 39
      },
      "8": {
        "name": "(anonymous_8)",
        "decl": {
          "start": {
            "line": 50,
            "column": 27
          },
          "end": {
            "line": 50,
            "column": 28
          }
        },
        "loc": {
          "start": {
            "line": 50,
            "column": 42
          },
          "end": {
            "line": 60,
            "column": 1
          }
        },
        "line": 50
      },
      "9": {
        "name": "(anonymous_9)",
        "decl": {
          "start": {
            "line": 50,
            "column": 42
          },
          "end": {
            "line": 50,
            "column": 43
          }
        },
        "loc": {
          "start": {
            "line": 50,
            "column": 54
          },
          "end": {
            "line": 60,
            "column": 1
          }
        },
        "line": 50
      },
      "10": {
        "name": "(anonymous_10)",
        "decl": {
          "start": {
            "line": 54,
            "column": 14
          },
          "end": {
            "line": 54,
            "column": 15
          }
        },
        "loc": {
          "start": {
            "line": 54,
            "column": 21
          },
          "end": {
            "line": 56,
            "column": 9
          }
        },
        "line": 54
      },
      "11": {
        "name": "(anonymous_11)",
        "decl": {
          "start": {
            "line": 57,
            "column": 15
          },
          "end": {
            "line": 57,
            "column": 16
          }
        },
        "loc": {
          "start": {
            "line": 57,
            "column": 22
          },
          "end": {
            "line": 59,
            "column": 9
          }
        },
        "line": 57
      },
      "12": {
        "name": "(anonymous_12)",
        "decl": {
          "start": {
            "line": 67,
            "column": 26
          },
          "end": {
            "line": 67,
            "column": 27
          }
        },
        "loc": {
          "start": {
            "line": 67,
            "column": 40
          },
          "end": {
            "line": 77,
            "column": 1
          }
        },
        "line": 67
      },
      "13": {
        "name": "(anonymous_13)",
        "decl": {
          "start": {
            "line": 67,
            "column": 40
          },
          "end": {
            "line": 67,
            "column": 41
          }
        },
        "loc": {
          "start": {
            "line": 67,
            "column": 52
          },
          "end": {
            "line": 77,
            "column": 1
          }
        },
        "line": 67
      },
      "14": {
        "name": "(anonymous_14)",
        "decl": {
          "start": {
            "line": 71,
            "column": 14
          },
          "end": {
            "line": 71,
            "column": 15
          }
        },
        "loc": {
          "start": {
            "line": 71,
            "column": 21
          },
          "end": {
            "line": 73,
            "column": 9
          }
        },
        "line": 71
      },
      "15": {
        "name": "(anonymous_15)",
        "decl": {
          "start": {
            "line": 74,
            "column": 15
          },
          "end": {
            "line": 74,
            "column": 16
          }
        },
        "loc": {
          "start": {
            "line": 74,
            "column": 22
          },
          "end": {
            "line": 76,
            "column": 9
          }
        },
        "line": 74
      },
      "16": {
        "name": "(anonymous_16)",
        "decl": {
          "start": {
            "line": 84,
            "column": 29
          },
          "end": {
            "line": 84,
            "column": 30
          }
        },
        "loc": {
          "start": {
            "line": 84,
            "column": 42
          },
          "end": {
            "line": 94,
            "column": 1
          }
        },
        "line": 84
      },
      "17": {
        "name": "(anonymous_17)",
        "decl": {
          "start": {
            "line": 84,
            "column": 42
          },
          "end": {
            "line": 84,
            "column": 43
          }
        },
        "loc": {
          "start": {
            "line": 84,
            "column": 54
          },
          "end": {
            "line": 94,
            "column": 1
          }
        },
        "line": 84
      },
      "18": {
        "name": "(anonymous_18)",
        "decl": {
          "start": {
            "line": 88,
            "column": 14
          },
          "end": {
            "line": 88,
            "column": 15
          }
        },
        "loc": {
          "start": {
            "line": 88,
            "column": 21
          },
          "end": {
            "line": 90,
            "column": 9
          }
        },
        "line": 88
      },
      "19": {
        "name": "(anonymous_19)",
        "decl": {
          "start": {
            "line": 91,
            "column": 15
          },
          "end": {
            "line": 91,
            "column": 16
          }
        },
        "loc": {
          "start": {
            "line": 91,
            "column": 22
          },
          "end": {
            "line": 93,
            "column": 9
          }
        },
        "line": 91
      },
      "20": {
        "name": "(anonymous_20)",
        "decl": {
          "start": {
            "line": 99,
            "column": 25
          },
          "end": {
            "line": 99,
            "column": 26
          }
        },
        "loc": {
          "start": {
            "line": 99,
            "column": 36
          },
          "end": {
            "line": 105,
            "column": 1
          }
        },
        "line": 99
      },
      "21": {
        "name": "(anonymous_21)",
        "decl": {
          "start": {
            "line": 109,
            "column": 30
          },
          "end": {
            "line": 109,
            "column": 31
          }
        },
        "loc": {
          "start": {
            "line": 109,
            "column": 41
          },
          "end": {
            "line": 115,
            "column": 1
          }
        },
        "line": 109
      },
      "22": {
        "name": "(anonymous_22)",
        "decl": {
          "start": {
            "line": 119,
            "column": 33
          },
          "end": {
            "line": 119,
            "column": 34
          }
        },
        "loc": {
          "start": {
            "line": 119,
            "column": 44
          },
          "end": {
            "line": 124,
            "column": 1
          }
        },
        "line": 119
      },
      "23": {
        "name": "(anonymous_23)",
        "decl": {
          "start": {
            "line": 129,
            "column": 26
          },
          "end": {
            "line": 129,
            "column": 27
          }
        },
        "loc": {
          "start": {
            "line": 129,
            "column": 32
          },
          "end": {
            "line": 133,
            "column": 1
          }
        },
        "line": 129
      },
      "24": {
        "name": "(anonymous_24)",
        "decl": {
          "start": {
            "line": 140,
            "column": 31
          },
          "end": {
            "line": 140,
            "column": 32
          }
        },
        "loc": {
          "start": {
            "line": 140,
            "column": 46
          },
          "end": {
            "line": 151,
            "column": 1
          }
        },
        "line": 140
      },
      "25": {
        "name": "(anonymous_25)",
        "decl": {
          "start": {
            "line": 140,
            "column": 46
          },
          "end": {
            "line": 140,
            "column": 47
          }
        },
        "loc": {
          "start": {
            "line": 140,
            "column": 58
          },
          "end": {
            "line": 151,
            "column": 1
          }
        },
        "line": 140
      },
      "26": {
        "name": "(anonymous_26)",
        "decl": {
          "start": {
            "line": 145,
            "column": 14
          },
          "end": {
            "line": 145,
            "column": 15
          }
        },
        "loc": {
          "start": {
            "line": 145,
            "column": 21
          },
          "end": {
            "line": 147,
            "column": 9
          }
        },
        "line": 145
      },
      "27": {
        "name": "(anonymous_27)",
        "decl": {
          "start": {
            "line": 148,
            "column": 15
          },
          "end": {
            "line": 148,
            "column": 16
          }
        },
        "loc": {
          "start": {
            "line": 148,
            "column": 22
          },
          "end": {
            "line": 150,
            "column": 9
          }
        },
        "line": 148
      },
      "28": {
        "name": "(anonymous_28)",
        "decl": {
          "start": {
            "line": 158,
            "column": 24
          },
          "end": {
            "line": 158,
            "column": 25
          }
        },
        "loc": {
          "start": {
            "line": 158,
            "column": 35
          },
          "end": {
            "line": 169,
            "column": 1
          }
        },
        "line": 158
      },
      "29": {
        "name": "(anonymous_29)",
        "decl": {
          "start": {
            "line": 158,
            "column": 35
          },
          "end": {
            "line": 158,
            "column": 36
          }
        },
        "loc": {
          "start": {
            "line": 158,
            "column": 47
          },
          "end": {
            "line": 169,
            "column": 1
          }
        },
        "line": 158
      },
      "30": {
        "name": "(anonymous_30)",
        "decl": {
          "start": {
            "line": 162,
            "column": 10
          },
          "end": {
            "line": 162,
            "column": 11
          }
        },
        "loc": {
          "start": {
            "line": 162,
            "column": 17
          },
          "end": {
            "line": 165,
            "column": 5
          }
        },
        "line": 162
      },
      "31": {
        "name": "(anonymous_31)",
        "decl": {
          "start": {
            "line": 166,
            "column": 11
          },
          "end": {
            "line": 166,
            "column": 12
          }
        },
        "loc": {
          "start": {
            "line": 166,
            "column": 18
          },
          "end": {
            "line": 168,
            "column": 5
          }
        },
        "line": 166
      },
      "32": {
        "name": "(anonymous_32)",
        "decl": {
          "start": {
            "line": 175,
            "column": 24
          },
          "end": {
            "line": 175,
            "column": 25
          }
        },
        "loc": {
          "start": {
            "line": 175,
            "column": 35
          },
          "end": {
            "line": 177,
            "column": 1
          }
        },
        "line": 175
      },
      "33": {
        "name": "(anonymous_33)",
        "decl": {
          "start": {
            "line": 175,
            "column": 35
          },
          "end": {
            "line": 175,
            "column": 36
          }
        },
        "loc": {
          "start": {
            "line": 175,
            "column": 47
          },
          "end": {
            "line": 177,
            "column": 1
          }
        },
        "line": 175
      },
      "34": {
        "name": "(anonymous_34)",
        "decl": {
          "start": {
            "line": 179,
            "column": 26
          },
          "end": {
            "line": 179,
            "column": 27
          }
        },
        "loc": {
          "start": {
            "line": 179,
            "column": 39
          },
          "end": {
            "line": 181,
            "column": 1
          }
        },
        "line": 179
      },
      "35": {
        "name": "(anonymous_35)",
        "decl": {
          "start": {
            "line": 179,
            "column": 39
          },
          "end": {
            "line": 179,
            "column": 40
          }
        },
        "loc": {
          "start": {
            "line": 179,
            "column": 51
          },
          "end": {
            "line": 181,
            "column": 1
          }
        },
        "line": 179
      },
      "36": {
        "name": "(anonymous_36)",
        "decl": {
          "start": {
            "line": 187,
            "column": 30
          },
          "end": {
            "line": 187,
            "column": 31
          }
        },
        "loc": {
          "start": {
            "line": 187,
            "column": 43
          },
          "end": {
            "line": 190,
            "column": 1
          }
        },
        "line": 187
      },
      "37": {
        "name": "(anonymous_37)",
        "decl": {
          "start": {
            "line": 187,
            "column": 43
          },
          "end": {
            "line": 187,
            "column": 44
          }
        },
        "loc": {
          "start": {
            "line": 187,
            "column": 55
          },
          "end": {
            "line": 190,
            "column": 1
          }
        },
        "line": 187
      }
    },
    "branchMap": {},
    "s": {
      "0": 1,
      "1": 1,
      "2": 1,
      "3": 1,
      "4": 0,
      "5": 0,
      "6": 0,
      "7": 0,
      "8": 0,
      "9": 0,
      "10": 0,
      "11": 1,
      "12": 1,
      "13": 1,
      "14": 1,
      "15": 0,
      "16": 0,
      "17": 0,
      "18": 0,
      "19": 0,
      "20": 0,
      "21": 0,
      "22": 0,
      "23": 0,
      "24": 1,
      "25": 1,
      "26": 1,
      "27": 1,
      "28": 0,
      "29": 0,
      "30": 0,
      "31": 0,
      "32": 0,
      "33": 1,
      "34": 1,
      "35": 1,
      "36": 1,
      "37": 0,
      "38": 0,
      "39": 0,
      "40": 0,
      "41": 0,
      "42": 1,
      "43": 1,
      "44": 1,
      "45": 1,
      "46": 0,
      "47": 0,
      "48": 0,
      "49": 0,
      "50": 0,
      "51": 1,
      "52": 1,
      "53": 0,
      "54": 1,
      "55": 1,
      "56": 0,
      "57": 1,
      "58": 1,
      "59": 0,
      "60": 1,
      "61": 1,
      "62": 0,
      "63": 1,
      "64": 1,
      "65": 1,
      "66": 1,
      "67": 0,
      "68": 0,
      "69": 0,
      "70": 0,
      "71": 0,
      "72": 0,
      "73": 1,
      "74": 1,
      "75": 1,
      "76": 1,
      "77": 1,
      "78": 0,
      "79": 0,
      "80": 0,
      "81": 0,
      "82": 0,
      "83": 0,
      "84": 1,
      "85": 1,
      "86": 1,
      "87": 1,
      "88": 0,
      "89": 0,
      "90": 1,
      "91": 0,
      "92": 0,
      "93": 1,
      "94": 1,
      "95": 1,
      "96": 1,
      "97": 0,
      "98": 0
    },
    "f": {
      "0": 0,
      "1": 0,
      "2": 0,
      "3": 0,
      "4": 0,
      "5": 0,
      "6": 0,
      "7": 0,
      "8": 0,
      "9": 0,
      "10": 0,
      "11": 0,
      "12": 0,
      "13": 0,
      "14": 0,
      "15": 0,
      "16": 0,
      "17": 0,
      "18": 0,
      "19": 0,
      "20": 0,
      "21": 0,
      "22": 0,
      "23": 0,
      "24": 0,
      "25": 0,
      "26": 0,
      "27": 0,
      "28": 0,
      "29": 0,
      "30": 0,
      "31": 0,
      "32": 0,
      "33": 0,
      "34": 0,
      "35": 0,
      "36": 0,
      "37": 0
    },
    "b": {},
    "_coverageSchema": "43e27e138ebf9cfc5966b082cf9a028302ed4184",
    "hash": "3ba521d1e1c52714e6b0260a606db5f6e69ef48a"
  },
  "C:\\Users\\zakad\\sites\\Merch-Dropper-fe\\merch-dropper\\src\\store\\reducers\\RegisterReducers.js": {
    "path": "C:\\Users\\zakad\\sites\\Merch-Dropper-fe\\merch-dropper\\src\\store\\reducers\\RegisterReducers.js",
    "statementMap": {
      "0": {
        "start": {
          "line": 7,
          "column": 21
        },
        "end": {
          "line": 11,
          "column": 1
        }
      },
      "1": {
        "start": {
          "line": 13,
          "column": 31
        },
        "end": {
          "line": 37,
          "column": 1
        }
      },
      "2": {
        "start": {
          "line": 14,
          "column": 4
        },
        "end": {
          "line": 36,
          "column": 5
        }
      },
      "3": {
        "start": {
          "line": 16,
          "column": 12
        },
        "end": {
          "line": 20,
          "column": 13
        }
      },
      "4": {
        "start": {
          "line": 22,
          "column": 12
        },
        "end": {
          "line": 27,
          "column": 13
        }
      },
      "5": {
        "start": {
          "line": 29,
          "column": 12
        },
        "end": {
          "line": 33,
          "column": 13
        }
      },
      "6": {
        "start": {
          "line": 35,
          "column": 12
        },
        "end": {
          "line": 35,
          "column": 25
        }
      }
    },
    "fnMap": {
      "0": {
        "name": "(anonymous_0)",
        "decl": {
          "start": {
            "line": 13,
            "column": 31
          },
          "end": {
            "line": 13,
            "column": 32
          }
        },
        "loc": {
          "start": {
            "line": 13,
            "column": 65
          },
          "end": {
            "line": 37,
            "column": 1
          }
        },
        "line": 13
      }
    },
    "branchMap": {
      "0": {
        "loc": {
          "start": {
            "line": 13,
            "column": 32
          },
          "end": {
            "line": 13,
            "column": 52
          }
        },
        "type": "default-arg",
        "locations": [
          {
            "start": {
              "line": 13,
              "column": 40
            },
            "end": {
              "line": 13,
              "column": 52
            }
          }
        ],
        "line": 13
      },
      "1": {
        "loc": {
          "start": {
            "line": 14,
            "column": 4
          },
          "end": {
            "line": 36,
            "column": 5
          }
        },
        "type": "switch",
        "locations": [
          {
            "start": {
              "line": 15,
              "column": 8
            },
            "end": {
              "line": 20,
              "column": 13
            }
          },
          {
            "start": {
              "line": 21,
              "column": 8
            },
            "end": {
              "line": 27,
              "column": 13
            }
          },
          {
            "start": {
              "line": 28,
              "column": 8
            },
            "end": {
              "line": 33,
              "column": 13
            }
          },
          {
            "start": {
              "line": 34,
              "column": 8
            },
            "end": {
              "line": 35,
              "column": 25
            }
          }
        ],
        "line": 14
      }
    },
    "s": {
      "0": 1,
      "1": 1,
      "2": 5,
      "3": 0,
      "4": 0,
      "5": 0,
      "6": 5
    },
    "f": {
      "0": 5
    },
    "b": {
      "0": [
        3
      ],
      "1": [
        0,
        0,
        0,
        5
      ]
    },
    "_coverageSchema": "43e27e138ebf9cfc5966b082cf9a028302ed4184",
    "hash": "f4302923d28da963cc0e1056c06af430f3eeec2b"
  },
  "C:\\Users\\zakad\\sites\\Merch-Dropper-fe\\merch-dropper\\src\\store\\reducers\\LoginReducers.js": {
    "path": "C:\\Users\\zakad\\sites\\Merch-Dropper-fe\\merch-dropper\\src\\store\\reducers\\LoginReducers.js",
    "statementMap": {
      "0": {
        "start": {
          "line": 7,
          "column": 21
        },
        "end": {
          "line": 11,
          "column": 1
        }
      },
      "1": {
        "start": {
          "line": 13,
          "column": 28
        },
        "end": {
          "line": 38,
          "column": 1
        }
      },
      "2": {
        "start": {
          "line": 14,
          "column": 4
        },
        "end": {
          "line": 37,
          "column": 5
        }
      },
      "3": {
        "start": {
          "line": 16,
          "column": 12
        },
        "end": {
          "line": 20,
          "column": 13
        }
      },
      "4": {
        "start": {
          "line": 22,
          "column": 12
        },
        "end": {
          "line": 27,
          "column": 13
        }
      },
      "5": {
        "start": {
          "line": 29,
          "column": 12
        },
        "end": {
          "line": 33,
          "column": 13
        }
      },
      "6": {
        "start": {
          "line": 35,
          "column": 12
        },
        "end": {
          "line": 35,
          "column": 25
        }
      }
    },
    "fnMap": {
      "0": {
        "name": "(anonymous_0)",
        "decl": {
          "start": {
            "line": 13,
            "column": 28
          },
          "end": {
            "line": 13,
            "column": 29
          }
        },
        "loc": {
          "start": {
            "line": 13,
            "column": 62
          },
          "end": {
            "line": 38,
            "column": 1
          }
        },
        "line": 13
      }
    },
    "branchMap": {
      "0": {
        "loc": {
          "start": {
            "line": 13,
            "column": 29
          },
          "end": {
            "line": 13,
            "column": 49
          }
        },
        "type": "default-arg",
        "locations": [
          {
            "start": {
              "line": 13,
              "column": 37
            },
            "end": {
              "line": 13,
              "column": 49
            }
          }
        ],
        "line": 13
      },
      "1": {
        "loc": {
          "start": {
            "line": 14,
            "column": 4
          },
          "end": {
            "line": 37,
            "column": 5
          }
        },
        "type": "switch",
        "locations": [
          {
            "start": {
              "line": 15,
              "column": 8
            },
            "end": {
              "line": 20,
              "column": 13
            }
          },
          {
            "start": {
              "line": 21,
              "column": 8
            },
            "end": {
              "line": 27,
              "column": 13
            }
          },
          {
            "start": {
              "line": 28,
              "column": 8
            },
            "end": {
              "line": 33,
              "column": 13
            }
          },
          {
            "start": {
              "line": 34,
              "column": 8
            },
            "end": {
              "line": 35,
              "column": 25
            }
          }
        ],
        "line": 14
      }
    },
    "s": {
      "0": 1,
      "1": 1,
      "2": 5,
      "3": 0,
      "4": 0,
      "5": 0,
      "6": 5
    },
    "f": {
      "0": 5
    },
    "b": {
      "0": [
        3
      ],
      "1": [
        0,
        0,
        0,
        5
      ]
    },
    "_coverageSchema": "43e27e138ebf9cfc5966b082cf9a028302ed4184",
    "hash": "cb5e8e9ceccd1b386ede251dcc907b57ac13c91d"
  },
  "C:\\Users\\zakad\\sites\\Merch-Dropper-fe\\merch-dropper\\src\\store\\reducers\\initialState.js": {
    "path": "C:\\Users\\zakad\\sites\\Merch-Dropper-fe\\merch-dropper\\src\\store\\reducers\\initialState.js",
    "statementMap": {
      "0": {
        "start": {
          "line": 1,
          "column": 21
        },
        "end": {
          "line": 74,
          "column": 1
        }
      }
    },
    "fnMap": {},
    "branchMap": {},
    "s": {
      "0": 1
    },
    "f": {},
    "b": {},
    "_coverageSchema": "43e27e138ebf9cfc5966b082cf9a028302ed4184",
    "hash": "c840ae51bee97bd625d5f46cc3d33e9daa30edd0"
  },
  "C:\\Users\\zakad\\sites\\Merch-Dropper-fe\\merch-dropper\\src\\store\\reducers\\CartReducer.js": {
    "path": "C:\\Users\\zakad\\sites\\Merch-Dropper-fe\\merch-dropper\\src\\store\\reducers\\CartReducer.js",
    "statementMap": {
      "0": {
        "start": {
          "line": 9,
          "column": 25
        },
        "end": {
          "line": 22,
          "column": 1
        }
      },
      "1": {
        "start": {
          "line": 10,
          "column": 29
        },
        "end": {
          "line": 12,
          "column": 5
        }
      },
      "2": {
        "start": {
          "line": 11,
          "column": 20
        },
        "end": {
          "line": 11,
          "column": 52
        }
      },
      "3": {
        "start": {
          "line": 14,
          "column": 4
        },
        "end": {
          "line": 19,
          "column": 5
        }
      },
      "4": {
        "start": {
          "line": 15,
          "column": 8
        },
        "end": {
          "line": 18,
          "column": 10
        }
      },
      "5": {
        "start": {
          "line": 16,
          "column": 12
        },
        "end": {
          "line": 17,
          "column": 77
        }
      },
      "6": {
        "start": {
          "line": 21,
          "column": 4
        },
        "end": {
          "line": 21,
          "column": 61
        }
      },
      "7": {
        "start": {
          "line": 24,
          "column": 30
        },
        "end": {
          "line": 37,
          "column": 1
        }
      },
      "8": {
        "start": {
          "line": 25,
          "column": 29
        },
        "end": {
          "line": 27,
          "column": 5
        }
      },
      "9": {
        "start": {
          "line": 26,
          "column": 20
        },
        "end": {
          "line": 26,
          "column": 55
        }
      },
      "10": {
        "start": {
          "line": 29,
          "column": 4
        },
        "end": {
          "line": 31,
          "column": 5
        }
      },
      "11": {
        "start": {
          "line": 30,
          "column": 8
        },
        "end": {
          "line": 30,
          "column": 80
        }
      },
      "12": {
        "start": {
          "line": 30,
          "column": 44
        },
        "end": {
          "line": 30,
          "column": 79
        }
      },
      "13": {
        "start": {
          "line": 33,
          "column": 4
        },
        "end": {
          "line": 36,
          "column": 5
        }
      },
      "14": {
        "start": {
          "line": 33,
          "column": 37
        },
        "end": {
          "line": 35,
          "column": 16
        }
      },
      "15": {
        "start": {
          "line": 41,
          "column": 20
        },
        "end": {
          "line": 75,
          "column": 1
        }
      },
      "16": {
        "start": {
          "line": 42,
          "column": 15
        },
        "end": {
          "line": 42,
          "column": 25
        }
      },
      "17": {
        "start": {
          "line": 44,
          "column": 4
        },
        "end": {
          "line": 74,
          "column": 5
        }
      },
      "18": {
        "start": {
          "line": 46,
          "column": 8
        },
        "end": {
          "line": 49,
          "column": 10
        }
      },
      "19": {
        "start": {
          "line": 52,
          "column": 8
        },
        "end": {
          "line": 56,
          "column": 10
        }
      },
      "20": {
        "start": {
          "line": 59,
          "column": 8
        },
        "end": {
          "line": 64,
          "column": 10
        }
      },
      "21": {
        "start": {
          "line": 62,
          "column": 26
        },
        "end": {
          "line": 62,
          "column": 59
        }
      },
      "22": {
        "start": {
          "line": 67,
          "column": 8
        },
        "end": {
          "line": 70,
          "column": 10
        }
      },
      "23": {
        "start": {
          "line": 73,
          "column": 8
        },
        "end": {
          "line": 73,
          "column": 21
        }
      }
    },
    "fnMap": {
      "0": {
        "name": "(anonymous_0)",
        "decl": {
          "start": {
            "line": 9,
            "column": 25
          },
          "end": {
            "line": 9,
            "column": 26
          }
        },
        "loc": {
          "start": {
            "line": 9,
            "column": 55
          },
          "end": {
            "line": 22,
            "column": 1
          }
        },
        "line": 9
      },
      "1": {
        "name": "(anonymous_1)",
        "decl": {
          "start": {
            "line": 11,
            "column": 8
          },
          "end": {
            "line": 11,
            "column": 9
          }
        },
        "loc": {
          "start": {
            "line": 11,
            "column": 20
          },
          "end": {
            "line": 11,
            "column": 52
          }
        },
        "line": 11
      },
      "2": {
        "name": "(anonymous_2)",
        "decl": {
          "start": {
            "line": 15,
            "column": 29
          },
          "end": {
            "line": 15,
            "column": 30
          }
        },
        "loc": {
          "start": {
            "line": 16,
            "column": 12
          },
          "end": {
            "line": 17,
            "column": 77
          }
        },
        "line": 16
      },
      "3": {
        "name": "(anonymous_3)",
        "decl": {
          "start": {
            "line": 24,
            "column": 30
          },
          "end": {
            "line": 24,
            "column": 31
          }
        },
        "loc": {
          "start": {
            "line": 24,
            "column": 63
          },
          "end": {
            "line": 37,
            "column": 1
          }
        },
        "line": 24
      },
      "4": {
        "name": "(anonymous_4)",
        "decl": {
          "start": {
            "line": 26,
            "column": 8
          },
          "end": {
            "line": 26,
            "column": 9
          }
        },
        "loc": {
          "start": {
            "line": 26,
            "column": 20
          },
          "end": {
            "line": 26,
            "column": 55
          }
        },
        "line": 26
      },
      "5": {
        "name": "(anonymous_5)",
        "decl": {
          "start": {
            "line": 30,
            "column": 32
          },
          "end": {
            "line": 30,
            "column": 33
          }
        },
        "loc": {
          "start": {
            "line": 30,
            "column": 44
          },
          "end": {
            "line": 30,
            "column": 79
          }
        },
        "line": 30
      },
      "6": {
        "name": "(anonymous_6)",
        "decl": {
          "start": {
            "line": 33,
            "column": 25
          },
          "end": {
            "line": 33,
            "column": 26
          }
        },
        "loc": {
          "start": {
            "line": 33,
            "column": 37
          },
          "end": {
            "line": 35,
            "column": 16
          }
        },
        "line": 33
      },
      "7": {
        "name": "(anonymous_7)",
        "decl": {
          "start": {
            "line": 41,
            "column": 20
          },
          "end": {
            "line": 41,
            "column": 21
          }
        },
        "loc": {
          "start": {
            "line": 41,
            "column": 54
          },
          "end": {
            "line": 75,
            "column": 1
          }
        },
        "line": 41
      },
      "8": {
        "name": "(anonymous_8)",
        "decl": {
          "start": {
            "line": 62,
            "column": 12
          },
          "end": {
            "line": 62,
            "column": 13
          }
        },
        "loc": {
          "start": {
            "line": 62,
            "column": 26
          },
          "end": {
            "line": 62,
            "column": 59
          }
        },
        "line": 62
[...]
        "loc": {
          "start": {
            "line": 61,
            "column": 41
          },
          "end": {
            "line": 94,
            "column": 7
          }
        },
        "line": 61
      },
      "6": {
        "name": "(anonymous_6)",
        "decl": {
          "start": {
            "line": 66,
            "column": 41
          },
          "end": {
            "line": 66,
            "column": 42
          }
        },
        "loc": {
          "start": {
            "line": 66,
            "column": 47
          },
          "end": {
            "line": 93,
            "column": 9
          }
        },
        "line": 66
      },
      "7": {
        "name": "(anonymous_7)",
        "decl": {
          "start": {
            "line": 96,
            "column": 11
          },
          "end": {
            "line": 96,
            "column": 12
          }
        },
        "loc": {
          "start": {
            "line": 96,
            "column": 20
          },
          "end": {
            "line": 98,
            "column": 5
          }
        },
        "line": 96
      },
      "8": {
        "name": "checkValidServiceWorker",
        "decl": {
          "start": {
            "line": 101,
            "column": 9
          },
          "end": {
            "line": 101,
            "column": 32
          }
        },
        "loc": {
          "start": {
            "line": 101,
            "column": 48
          },
          "end": {
            "line": 129,
            "column": 1
          }
        },
        "line": 101
      },
      "9": {
        "name": "(anonymous_9)",
        "decl": {
          "start": {
            "line": 106,
            "column": 10
          },
          "end": {
            "line": 106,
            "column": 11
          }
        },
        "loc": {
          "start": {
            "line": 106,
            "column": 22
          },
          "end": {
            "line": 123,
            "column": 5
          }
        },
        "line": 106
      },
      "10": {
        "name": "(anonymous_10)",
        "decl": {
          "start": {
            "line": 114,
            "column": 43
          },
          "end": {
            "line": 114,
            "column": 44
          }
        },
        "loc": {
          "start": {
            "line": 114,
            "column": 59
          },
          "end": {
            "line": 118,
            "column": 9
          }
        },
        "line": 114
      },
      "11": {
        "name": "(anonymous_11)",
        "decl": {
          "start": {
            "line": 115,
            "column": 41
          },
          "end": {
            "line": 115,
            "column": 42
          }
        },
        "loc": {
          "start": {
            "line": 115,
            "column": 47
          },
          "end": {
            "line": 117,
            "column": 11
          }
        },
        "line": 115
      },
      "12": {
        "name": "(anonymous_12)",
        "decl": {
          "start": {
            "line": 124,
            "column": 11
          },
          "end": {
            "line": 124,
            "column": 12
          }
        },
        "loc": {
          "start": {
            "line": 124,
            "column": 17
          },
          "end": {
            "line": 128,
            "column": 5
          }
        },
        "line": 124
      },
      "13": {
        "name": "unregister",
        "decl": {
          "start": {
            "line": 131,
            "column": 16
          },
          "end": {
            "line": 131,
            "column": 26
          }
        },
        "loc": {
          "start": {
            "line": 131,
            "column": 29
          },
          "end": {
            "line": 137,
            "column": 1
          }
        },
        "line": 131
      },
      "14": {
        "name": "(anonymous_14)",
        "decl": {
          "start": {
            "line": 133,
            "column": 39
          },
          "end": {
            "line": 133,
            "column": 40
          }
        },
        "loc": {
          "start": {
            "line": 133,
            "column": 55
          },
          "end": {
            "line": 135,
            "column": 5
          }
        },
        "line": 133
      }
    },
    "branchMap": {
      "0": {
        "loc": {
          "start": {
            "line": 14,
            "column": 2
          },
          "end": {
            "line": 20,
            "column": 5
          }
        },
        "type": "binary-expr",
        "locations": [
          {
            "start": {
              "line": 14,
              "column": 2
            },
            "end": {
              "line": 14,
              "column": 42
            }
          },
          {
            "start": {
              "line": 16,
              "column": 4
            },
            "end": {
              "line": 16,
              "column": 40
            }
          },
          {
            "start": {
              "line": 18,
              "column": 4
            },
            "end": {
              "line": 20,
              "column": 5
            }
          }
        ],
        "line": 14
      },
      "1": {
        "loc": {
          "start": {
            "line": 24,
            "column": 2
          },
          "end": {
            "line": 54,
            "column": 3
          }
        },
        "type": "if",
        "locations": [
          {
            "start": {
              "line": 24,
              "column": 2
            },
            "end": {
              "line": 54,
              "column": 3
            }
          },
          {
            "start": {
              "line": 24,
              "column": 2
            },
            "end": {
              "line": 54,
              "column": 3
            }
          }
        ],
        "line": 24
      },
      "2": {
        "loc": {
          "start": {
            "line": 24,
            "column": 6
          },
          "end": {
            "line": 24,
            "column": 75
          }
        },
        "type": "binary-expr",
        "locations": [
          {
            "start": {
              "line": 24,
              "column": 6
            },
            "end": {
              "line": 24,
              "column": 43
            }
          },
          {
            "start": {
              "line": 24,
              "column": 47
            },
            "end": {
              "line": 24,
              "column": 75
            }
          }
        ],
        "line": 24
      },
      "3": {
        "loc": {
          "start": {
            "line": 27,
            "column": 4
          },
          "end": {
            "line": 32,
            "column": 5
          }
        },
        "type": "if",
        "locations": [
          {
            "start": {
              "line": 27,
              "column": 4
            },
            "end": {
              "line": 32,
              "column": 5
            }
          },
          {
            "start": {
              "line": 27,
              "column": 4
            },
            "end": {
              "line": 32,
              "column": 5
            }
          }
        ],
        "line": 27
      },
      "4": {
        "loc": {
          "start": {
            "line": 37,
            "column": 6
          },
          "end": {
            "line": 52,
            "column": 7
          }
        },
        "type": "if",
        "locations": [
          {
            "start": {
              "line": 37,
              "column": 6
            },
            "end": {
              "line": 52,
              "column": 7
            }
          },
          {
            "start": {
              "line": 37,
              "column": 6
            },
            "end": {
              "line": 52,
              "column": 7
            }
          }
        ],
        "line": 37
      },
      "5": {
        "loc": {
          "start": {
            "line": 63,
            "column": 8
          },
          "end": {
            "line": 65,
            "column": 9
          }
        },
        "type": "if",
        "locations": [
          {
            "start": {
              "line": 63,
              "column": 8
            },
            "end": {
              "line": 65,
              "column": 9
            }
          },
          {
            "start": {
              "line": 63,
              "column": 8
            },
            "end": {
              "line": 65,
              "column": 9
            }
          }
        ],
        "line": 63
      },
      "6": {
        "loc": {
          "start": {
            "line": 67,
            "column": 10
          },
          "end": {
            "line": 92,
            "column": 11
          }
        },
        "type": "if",
        "locations": [
          {
            "start": {
              "line": 67,
              "column": 10
            },
            "end": {
              "line": 92,
              "column": 11
            }
          },
          {
            "start": {
              "line": 67,
              "column": 10
            },
            "end": {
              "line": 92,
              "column": 11
            }
          }
        ],
        "line": 67
      },
      "7": {
        "loc": {
          "start": {
            "line": 68,
            "column": 12
          },
          "end": {
            "line": 91,
            "column": 13
          }
        },
        "type": "if",
        "locations": [
          {
            "start": {
              "line": 68,
              "column": 12
            },
            "end": {
              "line": 91,
              "column": 13
            }
          },
          {
            "start": {
              "line": 68,
              "column": 12
            },
            "end": {
              "line": 91,
              "column": 13
            }
          }
        ],
        "line": 68
      },
      "8": {
        "loc": {
          "start": {
            "line": 78,
            "column": 14
          },
          "end": {
            "line": 80,
            "column": 15
          }
        },
        "type": "if",
        "locations": [
          {
            "start": {
              "line": 78,
              "column": 14
            },
            "end": {
              "line": 80,
              "column": 15
            }
          },
          {
            "start": {
              "line": 78,
              "column": 14
            },
            "end": {
              "line": 80,
              "column": 15
            }
          }
        ],
        "line": 78
      },
      "9": {
        "loc": {
          "start": {
            "line": 78,
            "column": 18
          },
          "end": {
            "line": 78,
            "column": 43
          }
        },
        "type": "binary-expr",
        "locations": [
          {
            "start": {
              "line": 78,
              "column": 18
            },
            "end": {
              "line": 78,
              "column": 24
            }
          },
          {
            "start": {
              "line": 78,
              "column": 28
            },
            "end": {
              "line": 78,
              "column": 43
            }
          }
        ],
        "line": 78
      },
      "10": {
        "loc": {
          "start": {
            "line": 88,
            "column": 14
          },
          "end": {
            "line": 90,
            "column": 15
          }
        },
        "type": "if",
        "locations": [
          {
            "start": {
              "line": 88,
              "column": 14
            },
            "end": {
              "line": 90,
              "column": 15
            }
          },
          {
            "start": {
              "line": 88,
              "column": 14
            },
            "end": {
              "line": 90,
              "column": 15
            }
          }
        ],
        "line": 88
      },
      "11": {
        "loc": {
          "start": {
            "line": 88,
            "column": 18
          },
          "end": {
            "line": 88,
            "column": 44
          }
        },
        "type": "binary-expr",
        "locations": [
          {
            "start": {
              "line": 88,
              "column": 18
            },
            "end": {
              "line": 88,
              "column": 24
            }
          },
          {
            "start": {
              "line": 88,
              "column": 28
            },
            "end": {
              "line": 88,
              "column": 44
            }
          }
        ],
        "line": 88
      },
      "12": {
        "loc": {
          "start": {
            "line": 109,
            "column": 6
          },
          "end": {
            "line": 122,
            "column": 7
          }
        },
        "type": "if",
        "locations": [
          {
            "start": {
              "line": 109,
              "column": 6
            },
            "end": {
              "line": 122,
              "column": 7
            }
          },
          {
            "start": {
              "line": 109,
              "column": 6
            },
            "end": {
              "line": 122,
              "column": 7
            }
          }
        ],
        "line": 109
      },
      "13": {
        "loc": {
          "start": {
            "line": 110,
            "column": 8
          },
          "end": {
            "line": 111,
            "column": 73
          }
        },
        "type": "binary-expr",
        "locations": [
          {
            "start": {
              "line": 110,
              "column": 8
            },
            "end": {
              "line": 110,
              "column": 31
            }
          },
          {
            "start": {
              "line": 111,
              "column": 9
            },
            "end": {
              "line": 111,
              "column": 28
            }
          },
          {
            "start": {
              "line": 111,
              "column": 32
            },
            "end": {
              "line": 111,
              "column": 72
            }
          }
        ],
        "line": 110
      },
      "14": {
        "loc": {
          "start": {
            "line": 132,
            "column": 2
          },
          "end": {
            "line": 136,
            "column": 3
          }
        },
        "type": "if",
        "locations": [
          {
            "start": {
              "line": 132,
              "column": 2
            },
            "end": {
              "line": 136,
              "column": 3
            }
          },
          {
            "start": {
              "line": 132,
              "column": 2
            },
            "end": {
              "line": 136,
              "column": 3
            }
          }
        ],
        "line": 132
      }
    },
    "s": {
      "0": 1,
      "1": 0,
      "2": 0,
      "3": 0,
      "4": 0,
      "5": 0,
      "6": 0,
      "7": 0,
      "8": 0,
      "9": 0,
      "10": 0,
      "11": 0,
      "12": 0,
      "13": 0,
      "14": 0,
      "15": 0,
      "16": 0,
      "17": 0,
      "18": 0,
      "19": 0,
      "20": 0,
      "21": 0,
      "22": 0,
      "23": 0,
      "24": 0,
      "25": 0,
      "26": 0,
      "27": 0,
      "28": 0,
      "29": 0,
      "30": 0,
      "31": 0,
      "32": 0,
      "33": 0,
      "34": 0,
      "35": 1,
      "36": 1,
      "37": 0
    },
    "f": {
      "0": 0,
      "1": 0,
      "2": 0,
      "3": 0,
      "4": 0,
      "5": 0,
      "6": 0,
      "7": 0,
      "8": 0,
      "9": 0,
      "10": 0,
      "11": 0,
      "12": 0,
      "13": 1,
      "14": 0
    },
    "b": {
      "0": [
        1,
        0,
        0
      ],
      "1": [
        0,
        0
      ],
      "2": [
        0,
        0
      ],
      "3": [
        0,
        0
      ],
      "4": [
        0,
        0
      ],
      "5": [
        0,
        0
      ],
      "6": [
        0,
        0
      ],
      "7": [
        0,
        0
      ],
      "8": [
        0,
        0
      ],
      "9": [
        0,
        0
      ],
      "10": [
        0,
        0
      ],
      "11": [
        0,
        0
      ],
      "12": [
        0,
        0
      ],
      "13": [
        0,
        0,
        0
      ],
      "14": [
        1,
        0
      ]
    },
    "_coverageSchema": "43e27e138ebf9cfc5966b082cf9a028302ed4184",
    "hash": "2a26ee63974c4302dc789da3fd90b05f51f8bbcb"
  },
  "C:\\Users\\zakad\\sites\\Merch-Dropper-fe\\merch-dropper\\src\\index.js": {
    "path": "C:\\Users\\zakad\\sites\\Merch-Dropper-fe\\merch-dropper\\src\\index.js",
    "statementMap": {
      "0": {
        "start": {
          "line": 18,
          "column": 27
        },
        "end": {
          "line": 24,
          "column": 1
        }
      },
      "1": {
        "start": {
          "line": 19,
          "column": 2
        },
        "end": {
          "line": 23,
          "column": 4
        }
      },
      "2": {
        "start": {
          "line": 26,
          "column": 0
        },
        "end": {
          "line": 43,
          "column": 2
        }
      },
      "3": {
        "start": {
          "line": 48,
          "column": 0
        },
        "end": {
          "line": 48,
          "column": 27
        }
      }
    },
    "fnMap": {
      "0": {
        "name": "(anonymous_0)",
        "decl": {
          "start": {
            "line": 18,
            "column": 27
          },
          "end": {
            "line": 18,
            "column": 28
          }
        },
        "loc": {
          "start": {
            "line": 18,
            "column": 41
          },
          "end": {
            "line": 24,
            "column": 1
          }
        },
        "line": 18
      }
    },
    "branchMap": {
      "0": {
        "loc": {
          "start": {
            "line": 20,
            "column": 4
          },
          "end": {
            "line": 22,
            "column": 32
          }
        },
        "type": "cond-expr",
        "locations": [
          {
            "start": {
              "line": 21,
              "column": 8
            },
            "end": {
              "line": 21,
              "column": 26
            }
          },
          {
            "start": {
              "line": 22,
              "column": 8
            },
            "end": {
              "line": 22,
              "column": 32
            }
          }
        ],
        "line": 20
      },
      "1": {
        "loc": {
          "start": {
            "line": 20,
            "column": 4
          },
          "end": {
            "line": 20,
            "column": 34
          }
        },
        "type": "binary-expr",
        "locations": [
          {
            "start": {
              "line": 20,
              "column": 4
            },
            "end": {
              "line": 20,
              "column": 12
            }
          },
          {
            "start": {
              "line": 20,
              "column": 16
            },
            "end": {
              "line": 20,
              "column": 34
            }
          }
        ],
        "line": 20
      }
    },
    "s": {
      "0": 1,
      "1": 0,
      "2": 1,
      "3": 1
    },
    "f": {
      "0": 0
    },
    "b": {
      "0": [
        0,
        0
      ],
      "1": [
        0,
        0
      ]
    },
    "_coverageSchema": "43e27e138ebf9cfc5966b082cf9a028302ed4184",
    "hash": "53b95acc96bdd6b540978dbe6a1ab636554f26e0"
  }
}